{"D:\\laragon\\www\\learning\\learn-react\\src\\components\\Body.js": {"path":"D:\\laragon\\www\\learning\\learn-react\\src\\components\\Body.js","statementMap":{"0":{"start":{"line":10,"column":20},"end":{"line":107,"column":1}},"1":{"start":{"line":11,"column":26},"end":{"line":11,"column":38}},"2":{"start":{"line":12,"column":38},"end":{"line":12,"column":50}},"3":{"start":{"line":13,"column":34},"end":{"line":13,"column":46}},"4":{"start":{"line":14,"column":38},"end":{"line":14,"column":50}},"5":{"start":{"line":15,"column":33},"end":{"line":15,"column":66}},"6":{"start":{"line":16,"column":2},"end":{"line":18,"column":9}},"7":{"start":{"line":17,"column":4},"end":{"line":17,"column":16}},"8":{"start":{"line":20,"column":20},"end":{"line":35,"column":3}},"9":{"start":{"line":21,"column":17},"end":{"line":23,"column":5}},"10":{"start":{"line":25,"column":17},"end":{"line":25,"column":34}},"11":{"start":{"line":28,"column":6},"end":{"line":30,"column":7}},"12":{"start":{"line":29,"column":18},"end":{"line":29,"column":37}},"13":{"start":{"line":32,"column":4},"end":{"line":32,"column":25}},"14":{"start":{"line":33,"column":4},"end":{"line":33,"column":31}},"15":{"start":{"line":34,"column":4},"end":{"line":34,"column":29}},"16":{"start":{"line":36,"column":23},"end":{"line":36,"column":40}},"17":{"start":{"line":39,"column":2},"end":{"line":45,"column":3}},"18":{"start":{"line":40,"column":4},"end":{"line":44,"column":6}},"19":{"start":{"line":47,"column":2},"end":{"line":49,"column":3}},"20":{"start":{"line":48,"column":4},"end":{"line":48,"column":23}},"21":{"start":{"line":51,"column":2},"end":{"line":106,"column":4}},"22":{"start":{"line":59,"column":12},"end":{"line":59,"column":42}},"23":{"start":{"line":66,"column":31},"end":{"line":68,"column":13}},"24":{"start":{"line":67,"column":14},"end":{"line":67,"column":78}},"25":{"start":{"line":69,"column":12},"end":{"line":69,"column":38}},"26":{"start":{"line":83,"column":31},"end":{"line":83,"column":73}},"27":{"start":{"line":83,"column":52},"end":{"line":83,"column":72}},"28":{"start":{"line":84,"column":12},"end":{"line":84,"column":36}},"29":{"start":{"line":92,"column":34},"end":{"line":92,"column":58}},"30":{"start":{"line":94,"column":12},"end":{"line":102,"column":14}}},"fnMap":{"0":{"name":"(anonymous_0)","decl":{"start":{"line":10,"column":20},"end":{"line":10,"column":21}},"loc":{"start":{"line":10,"column":26},"end":{"line":107,"column":1}},"line":10},"1":{"name":"(anonymous_1)","decl":{"start":{"line":16,"column":12},"end":{"line":16,"column":13}},"loc":{"start":{"line":16,"column":18},"end":{"line":18,"column":3}},"line":16},"2":{"name":"(anonymous_2)","decl":{"start":{"line":20,"column":20},"end":{"line":20,"column":21}},"loc":{"start":{"line":20,"column":32},"end":{"line":35,"column":3}},"line":20},"3":{"name":"(anonymous_3)","decl":{"start":{"line":29,"column":8},"end":{"line":29,"column":9}},"loc":{"start":{"line":29,"column":18},"end":{"line":29,"column":37}},"line":29},"4":{"name":"(anonymous_4)","decl":{"start":{"line":58,"column":20},"end":{"line":58,"column":21}},"loc":{"start":{"line":58,"column":27},"end":{"line":60,"column":11}},"line":58},"5":{"name":"(anonymous_5)","decl":{"start":{"line":64,"column":19},"end":{"line":64,"column":20}},"loc":{"start":{"line":64,"column":25},"end":{"line":70,"column":11}},"line":64},"6":{"name":"(anonymous_6)","decl":{"start":{"line":66,"column":43},"end":{"line":66,"column":44}},"loc":{"start":{"line":67,"column":14},"end":{"line":67,"column":78}},"line":67},"7":{"name":"(anonymous_7)","decl":{"start":{"line":82,"column":19},"end":{"line":82,"column":20}},"loc":{"start":{"line":82,"column":25},"end":{"line":85,"column":11}},"line":82},"8":{"name":"(anonymous_8)","decl":{"start":{"line":83,"column":43},"end":{"line":83,"column":44}},"loc":{"start":{"line":83,"column":52},"end":{"line":83,"column":72}},"line":83},"9":{"name":"(anonymous_9)","decl":{"start":{"line":92,"column":18},"end":{"line":92,"column":19}},"loc":{"start":{"line":92,"column":34},"end":{"line":92,"column":58}},"line":92},"10":{"name":"(anonymous_10)","decl":{"start":{"line":93,"column":15},"end":{"line":93,"column":16}},"loc":{"start":{"line":93,"column":31},"end":{"line":103,"column":11}},"line":93}},"branchMap":{"0":{"loc":{"start":{"line":39,"column":2},"end":{"line":45,"column":3}},"type":"if","locations":[{"start":{"line":39,"column":2},"end":{"line":45,"column":3}},{"start":{},"end":{}}],"line":39},"1":{"loc":{"start":{"line":47,"column":2},"end":{"line":49,"column":3}},"type":"if","locations":[{"start":{"line":47,"column":2},"end":{"line":49,"column":3}},{"start":{},"end":{}}],"line":47},"2":{"loc":{"start":{"line":96,"column":17},"end":{"line":100,"column":17}},"type":"cond-expr","locations":[{"start":{"line":97,"column":18},"end":{"line":97,"column":65}},{"start":{"line":99,"column":18},"end":{"line":99,"column":57}}],"line":96}},"s":{"0":1,"1":2,"2":2,"3":2,"4":2,"5":2,"6":2,"7":1,"8":2,"9":1,"10":1,"11":1,"12":15,"13":1,"14":1,"15":1,"16":2,"17":2,"18":0,"19":2,"20":1,"21":1,"22":0,"23":0,"24":0,"25":0,"26":0,"27":0,"28":0,"29":15,"30":11},"f":{"0":2,"1":1,"2":1,"3":15,"4":0,"5":0,"6":0,"7":0,"8":0,"9":15,"10":11},"b":{"0":[0,2],"1":[1,1],"2":[5,6]},"_coverageSchema":"1a1c01bbd47fc00a2c39e90264f33305004495a9","hash":"8f10356695751414d267986fc4ad22366b355c81"}
,"D:\\laragon\\www\\learning\\learn-react\\src\\components\\Contact.js": {"path":"D:\\laragon\\www\\learning\\learn-react\\src\\components\\Contact.js","statementMap":{"0":{"start":{"line":1,"column":16},"end":{"line":24,"column":1}},"1":{"start":{"line":2,"column":2},"end":{"line":23,"column":4}}},"fnMap":{"0":{"name":"(anonymous_0)","decl":{"start":{"line":1,"column":16},"end":{"line":1,"column":17}},"loc":{"start":{"line":1,"column":22},"end":{"line":24,"column":1}},"line":1}},"branchMap":{},"s":{"0":1,"1":3},"f":{"0":3},"b":{},"_coverageSchema":"1a1c01bbd47fc00a2c39e90264f33305004495a9","hash":"89c8836b9b67adbbe4c50ba11ea564971fc35897"}
,"D:\\laragon\\www\\learning\\learn-react\\src\\components\\Header.js": {"path":"D:\\laragon\\www\\learning\\learn-react\\src\\components\\Header.js","statementMap":{"0":{"start":{"line":8,"column":22},"end":{"line":55,"column":1}},"1":{"start":{"line":9,"column":40},"end":{"line":9,"column":57}},"2":{"start":{"line":10,"column":23},"end":{"line":10,"column":40}},"3":{"start":{"line":11,"column":27},"end":{"line":11,"column":50}},"4":{"start":{"line":12,"column":20},"end":{"line":12,"column":60}},"5":{"start":{"line":12,"column":43},"end":{"line":12,"column":59}},"6":{"start":{"line":15,"column":2},"end":{"line":54,"column":4}},"7":{"start":{"line":39,"column":16},"end":{"line":41,"column":44}}},"fnMap":{"0":{"name":"(anonymous_0)","decl":{"start":{"line":8,"column":22},"end":{"line":8,"column":23}},"loc":{"start":{"line":8,"column":28},"end":{"line":55,"column":1}},"line":8},"1":{"name":"(anonymous_1)","decl":{"start":{"line":12,"column":32},"end":{"line":12,"column":33}},"loc":{"start":{"line":12,"column":43},"end":{"line":12,"column":59}},"line":12},"2":{"name":"(anonymous_2)","decl":{"start":{"line":38,"column":23},"end":{"line":38,"column":24}},"loc":{"start":{"line":38,"column":29},"end":{"line":42,"column":15}},"line":38}},"branchMap":{"0":{"loc":{"start":{"line":22,"column":47},"end":{"line":22,"column":72}},"type":"cond-expr","locations":[{"start":{"line":22,"column":62},"end":{"line":22,"column":65}},{"start":{"line":22,"column":68},"end":{"line":22,"column":72}}],"line":22},"1":{"loc":{"start":{"line":39,"column":16},"end":{"line":41,"column":43}},"type":"cond-expr","locations":[{"start":{"line":40,"column":20},"end":{"line":40,"column":44}},{"start":{"line":41,"column":20},"end":{"line":41,"column":43}}],"line":39}},"s":{"0":1,"1":3,"2":3,"3":3,"4":3,"5":5,"6":3,"7":1},"f":{"0":3,"1":5,"2":1},"b":{"0":[3,0],"1":[1,0]},"_coverageSchema":"1a1c01bbd47fc00a2c39e90264f33305004495a9","hash":"8aa0b7f7cf811b1d914de85117698300922955be"}
,"D:\\laragon\\www\\learning\\learn-react\\src\\components\\RestaurantCard.js": {"path":"D:\\laragon\\www\\learning\\learn-react\\src\\components\\RestaurantCard.js","statementMap":{"0":{"start":{"line":3,"column":23},"end":{"line":42,"column":1}},"1":{"start":{"line":12,"column":6},"end":{"line":12,"column":13}},"2":{"start":{"line":14,"column":2},"end":{"line":41,"column":4}},"3":{"start":{"line":44,"column":33},"end":{"line":55,"column":1}},"4":{"start":{"line":45,"column":2},"end":{"line":54,"column":4}},"5":{"start":{"line":46,"column":4},"end":{"line":53,"column":6}}},"fnMap":{"0":{"name":"(anonymous_0)","decl":{"start":{"line":3,"column":23},"end":{"line":3,"column":24}},"loc":{"start":{"line":3,"column":40},"end":{"line":42,"column":1}},"line":3},"1":{"name":"(anonymous_1)","decl":{"start":{"line":44,"column":33},"end":{"line":44,"column":34}},"loc":{"start":{"line":44,"column":39},"end":{"line":55,"column":1}},"line":44},"2":{"name":"(anonymous_2)","decl":{"start":{"line":45,"column":9},"end":{"line":45,"column":10}},"loc":{"start":{"line":45,"column":20},"end":{"line":54,"column":3}},"line":45}},"branchMap":{},"s":{"0":2,"1":13,"2":13,"3":2,"4":3,"5":6},"f":{"0":13,"1":3,"2":6},"b":{},"_coverageSchema":"1a1c01bbd47fc00a2c39e90264f33305004495a9","hash":"ced73a81fb11478b8afc4edce18aec7bcc665257"}
,"D:\\laragon\\www\\learning\\learn-react\\src\\components\\sum.js": {"path":"D:\\laragon\\www\\learning\\learn-react\\src\\components\\sum.js","statementMap":{"0":{"start":{"line":1,"column":19},"end":{"line":3,"column":1}},"1":{"start":{"line":2,"column":2},"end":{"line":2,"column":15}}},"fnMap":{"0":{"name":"(anonymous_0)","decl":{"start":{"line":1,"column":19},"end":{"line":1,"column":20}},"loc":{"start":{"line":1,"column":29},"end":{"line":3,"column":1}},"line":1}},"branchMap":{},"s":{"0":1,"1":1},"f":{"0":1},"b":{},"_coverageSchema":"1a1c01bbd47fc00a2c39e90264f33305004495a9","hash":"b1a54fc037ebd7e3a132e14349ba03b4ce5d4fce"}
,"D:\\laragon\\www\\learning\\learn-react\\src\\utils\\UserContext.js": {"path":"D:\\laragon\\www\\learning\\learn-react\\src\\utils\\UserContext.js","statementMap":{"0":{"start":{"line":3,"column":20},"end":{"line":5,"column":2}}},"fnMap":{},"branchMap":{},"s":{"0":1},"f":{},"b":{},"_coverageSchema":"1a1c01bbd47fc00a2c39e90264f33305004495a9","hash":"a3db2a3be6647e520e4b5d4f0aa069d88a616c58"}
,"D:\\laragon\\www\\learning\\learn-react\\src\\utils\\appStore.js": {"path":"D:\\laragon\\www\\learning\\learn-react\\src\\utils\\appStore.js","statementMap":{"0":{"start":{"line":6,"column":17},"end":{"line":10,"column":2}}},"fnMap":{},"branchMap":{},"s":{"0":1},"f":{},"b":{},"_coverageSchema":"1a1c01bbd47fc00a2c39e90264f33305004495a9","hash":"54279b2187c926ba321b0553b0facd17b0cd944f"}
,"D:\\laragon\\www\\learning\\learn-react\\src\\utils\\cartSlice.js": {"path":"D:\\laragon\\www\\learning\\learn-react\\src\\utils\\cartSlice.js","statementMap":{"0":{"start":{"line":3,"column":18},"end":{"line":19,"column":2}},"1":{"start":{"line":10,"column":6},"end":{"line":10,"column":39}},"2":{"start":{"line":13,"column":6},"end":{"line":13,"column":24}},"3":{"start":{"line":16,"column":6},"end":{"line":16,"column":29}},"4":{"start":{"line":21,"column":50},"end":{"line":21,"column":67}}},"fnMap":{"0":{"name":"(anonymous_0)","decl":{"start":{"line":9,"column":13},"end":{"line":9,"column":14}},"loc":{"start":{"line":9,"column":32},"end":{"line":11,"column":5}},"line":9},"1":{"name":"(anonymous_1)","decl":{"start":{"line":12,"column":16},"end":{"line":12,"column":17}},"loc":{"start":{"line":12,"column":35},"end":{"line":14,"column":5}},"line":12},"2":{"name":"(anonymous_2)","decl":{"start":{"line":15,"column":15},"end":{"line":15,"column":16}},"loc":{"start":{"line":15,"column":34},"end":{"line":17,"column":5}},"line":15}},"branchMap":{},"s":{"0":1,"1":0,"2":0,"3":0,"4":1},"f":{"0":0,"1":0,"2":0},"b":{},"_coverageSchema":"1a1c01bbd47fc00a2c39e90264f33305004495a9","hash":"736f684dfbed4e6d18759aa6cf03059d19e5ed9e"}
,"D:\\laragon\\www\\learning\\learn-react\\src\\utils\\constants.js": {"path":"D:\\laragon\\www\\learning\\learn-react\\src\\utils\\constants.js","statementMap":{"0":{"start":{"line":2,"column":2},"end":{"line":2,"column":98}},"1":{"start":{"line":5,"column":2},"end":{"line":5,"column":129}},"2":{"start":{"line":13,"column":2},"end":{"line":13,"column":245}},"3":{"start":{"line":16,"column":2},"end":{"line":16,"column":245}}},"fnMap":{},"branchMap":{},"s":{"0":3,"1":3,"2":3,"3":3},"f":{},"b":{},"_coverageSchema":"1a1c01bbd47fc00a2c39e90264f33305004495a9","hash":"a3cdd1135957980bd76f1cdc30b00d4d7c0cc8b9"}
,"D:\\laragon\\www\\learning\\learn-react\\src\\utils\\mockData.js": {"path":"D:\\laragon\\www\\learning\\learn-react\\src\\utils\\mockData.js","statementMap":{"0":{"start":{"line":1,"column":16},"end":{"line":2043,"column":1}},"1":{"start":{"line":2045,"column":19},"end":{"line":12456,"column":1}}},"fnMap":{},"branchMap":{},"s":{"0":1,"1":1},"f":{},"b":{},"_coverageSchema":"1a1c01bbd47fc00a2c39e90264f33305004495a9","hash":"9cf29df83cdbcfa70fddc24d336efdaee2c4a163"}
,"D:\\laragon\\www\\learning\\learn-react\\src\\utils\\useOnlineStatus.js": {"path":"D:\\laragon\\www\\learning\\learn-react\\src\\utils\\useOnlineStatus.js","statementMap":{"0":{"start":{"line":3,"column":24},"end":{"line":14,"column":1}},"1":{"start":{"line":4,"column":42},"end":{"line":4,"column":56}},"2":{"start":{"line":5,"column":2},"end":{"line":12,"column":9}},"3":{"start":{"line":6,"column":4},"end":{"line":8,"column":7}},"4":{"start":{"line":7,"column":6},"end":{"line":7,"column":29}},"5":{"start":{"line":9,"column":4},"end":{"line":11,"column":7}},"6":{"start":{"line":10,"column":6},"end":{"line":10,"column":28}},"7":{"start":{"line":13,"column":2},"end":{"line":13,"column":22}}},"fnMap":{"0":{"name":"(anonymous_0)","decl":{"start":{"line":3,"column":24},"end":{"line":3,"column":25}},"loc":{"start":{"line":3,"column":30},"end":{"line":14,"column":1}},"line":3},"1":{"name":"(anonymous_1)","decl":{"start":{"line":5,"column":12},"end":{"line":5,"column":13}},"loc":{"start":{"line":5,"column":18},"end":{"line":12,"column":3}},"line":5},"2":{"name":"(anonymous_2)","decl":{"start":{"line":6,"column":39},"end":{"line":6,"column":40}},"loc":{"start":{"line":6,"column":45},"end":{"line":8,"column":5}},"line":6},"3":{"name":"(anonymous_3)","decl":{"start":{"line":9,"column":38},"end":{"line":9,"column":39}},"loc":{"start":{"line":9,"column":44},"end":{"line":11,"column":5}},"line":9}},"branchMap":{},"s":{"0":2,"1":5,"2":5,"3":3,"4":0,"5":3,"6":0,"7":5},"f":{"0":5,"1":3,"2":0,"3":0},"b":{},"_coverageSchema":"1a1c01bbd47fc00a2c39e90264f33305004495a9","hash":"88841c68216d67dbedb0a57cba2a08ed8b829289"}
}
